2016-03-18 14:42:03,523 ERROR [Text Viewer Hover Presenter] - System.err - org.eclipse.net4j.util.lifecycle.LifecycleException: java.lang.InterruptedException
2016-03-18 14:42:03,523 ERROR [Text Viewer Hover Presenter] - System.err - at org.eclipse.net4j.util.lifecycle.Lifecycle.internalActivate(Lifecycle.java:104)
2016-03-18 14:42:03,523 ERROR [Text Viewer Hover Presenter] - System.err - at org.eclipse.net4j.util.lifecycle.Lifecycle.activate(Lifecycle.java:162)
2016-03-18 14:42:03,523 ERROR [Text Viewer Hover Presenter] - System.err - at org.eclipse.net4j.util.lifecycle.LifecycleUtil.activate(LifecycleUtil.java:114)
2016-03-18 14:42:03,527 ERROR [Text Viewer Hover Presenter] - System.err - at org.eclipse.net4j.util.lifecycle.LifecycleUtil.activate(LifecycleUtil.java:104)
2016-03-18 14:42:03,527 ERROR [Text Viewer Hover Presenter] - System.err - at org.eclipse.net4j.util.container.ManagedContainer.activateElement(ManagedContainer.java:340)
2016-03-18 14:42:03,527 ERROR [Text Viewer Hover Presenter] - System.err - at org.eclipse.net4j.util.container.ManagedContainer.getElement(ManagedContainer.java:325)
2016-03-18 14:42:03,527 ERROR [Text Viewer Hover Presenter] - System.err - at org.eclipse.net4j.util.container.ManagedContainer.getElement(ManagedContainer.java:301)
2016-03-18 14:42:03,527 ERROR [Text Viewer Hover Presenter] - System.err - at org.eclipse.net4j.TransportInjector.getBufferProvider(TransportInjector.java:102)
2016-03-18 14:42:03,527 ERROR [Text Viewer Hover Presenter] - System.err - at org.eclipse.net4j.TransportInjector.processAcceptor(TransportInjector.java:63)
2016-03-18 14:42:03,527 ERROR [Text Viewer Hover Presenter] - System.err - at org.eclipse.net4j.TransportInjector.process(TransportInjector.java:46)
2016-03-18 14:42:03,527 ERROR [Text Viewer Hover Presenter] - System.err - at org.eclipse.net4j.util.container.ManagedContainer.postProcessElement(ManagedContainer.java:580)
2016-03-18 14:42:03,527 ERROR [Text Viewer Hover Presenter] - System.err - at org.eclipse.net4j.util.container.ManagedContainer.getElement(ManagedContainer.java:321)
2016-03-18 14:42:03,527 ERROR [Text Viewer Hover Presenter] - System.err - at org.eclipse.net4j.util.container.ManagedContainer.getElement(ManagedContainer.java:301)
2016-03-18 14:42:03,527 ERROR [Text Viewer Hover Presenter] - System.err - at org.eclipse.net4j.http.internal.server.Net4jTransportServlet$ContainerAware.init(Net4jTransportServlet.java:254)
2016-03-18 14:42:03,527 ERROR [Text Viewer Hover Presenter] - System.err - at javax.servlet.GenericServlet.init(GenericServlet.java:244)
2016-03-18 14:42:03,527 ERROR [Text Viewer Hover Presenter] - System.err - at org.eclipse.equinox.http.registry.internal.ServletManager$ServletWrapper.initializeDelegate(ServletManager.java:195)
2016-03-18 14:42:03,527 ERROR [Text Viewer Hover Presenter] - System.err - at org.eclipse.equinox.http.registry.internal.ServletManager$ServletWrapper.init(ServletManager.java:171)
2016-03-18 14:42:03,527 ERROR [Text Viewer Hover Presenter] - System.err - at org.eclipse.equinox.http.servlet.internal.ServletRegistration.init(ServletRegistration.java:49)
2016-03-18 14:42:03,527 ERROR [Text Viewer Hover Presenter] - System.err - at org.eclipse.equinox.http.servlet.internal.ProxyServlet.registerServlet(ProxyServlet.java:184)
2016-03-18 14:42:03,527 ERROR [Text Viewer Hover Presenter] - System.err - at org.eclipse.equinox.http.servlet.internal.HttpServiceImpl.registerServlet(HttpServiceImpl.java:66)
2016-03-18 14:42:03,527 ERROR [Text Viewer Hover Presenter] - System.err - at org.eclipse.equinox.http.registry.internal.HttpRegistryManager.registerServlet(HttpRegistryManager.java:266)
2016-03-18 14:42:03,527 ERROR [Text Viewer Hover Presenter] - System.err - at org.eclipse.equinox.http.registry.internal.HttpRegistryManager.addServletContribution(HttpRegistryManager.java:140)
2016-03-18 14:42:03,527 ERROR [Text Viewer Hover Presenter] - System.err - at org.eclipse.equinox.http.registry.internal.ServletManager.added(ServletManager.java:136)
2016-03-18 14:42:03,527 ERROR [Text Viewer Hover Presenter] - System.err - at org.eclipse.equinox.http.registry.internal.ExtensionPointTracker.open(ExtensionPointTracker.java:75)
2016-03-18 14:42:03,527 ERROR [Text Viewer Hover Presenter] - System.err - at org.eclipse.equinox.http.registry.internal.ServletManager.start(ServletManager.java:62)
2016-03-18 14:42:03,527 ERROR [Text Viewer Hover Presenter] - System.err - at org.eclipse.equinox.http.registry.internal.HttpRegistryManager.start(HttpRegistryManager.java:106)
2016-03-18 14:42:03,527 ERROR [Text Viewer Hover Presenter] - System.err - at org.eclipse.equinox.http.registry.internal.HttpServiceTracker.addingService(HttpServiceTracker.java:58)
2016-03-18 14:42:03,527 ERROR [Text Viewer Hover Presenter] - System.err - at org.osgi.util.tracker.ServiceTracker$Tracked.customizerAdding(ServiceTracker.java:941)
2016-03-18 14:42:03,527 ERROR [Text Viewer Hover Presenter] - System.err - at org.osgi.util.tracker.ServiceTracker$Tracked.customizerAdding(ServiceTracker.java:1)
2016-03-18 14:42:03,527 ERROR [Text Viewer Hover Presenter] - System.err - at org.osgi.util.tracker.AbstractTracked.trackAdding(AbstractTracked.java:256)
2016-03-18 14:42:03,527 ERROR [Text Viewer Hover Presenter] - System.err - at org.osgi.util.tracker.AbstractTracked.trackInitial(AbstractTracked.java:183)
2016-03-18 14:42:03,527 ERROR [Text Viewer Hover Presenter] - System.err - at org.osgi.util.tracker.ServiceTracker.open(ServiceTracker.java:318)
2016-03-18 14:42:03,527 ERROR [Text Viewer Hover Presenter] - System.err - at org.osgi.util.tracker.ServiceTracker.open(ServiceTracker.java:261)
2016-03-18 14:42:03,527 ERROR [Text Viewer Hover Presenter] - System.err - at org.eclipse.equinox.http.registry.internal.HttpServiceTracker.open(HttpServiceTracker.java:42)
2016-03-18 14:42:03,527 ERROR [Text Viewer Hover Presenter] - System.err - at org.eclipse.equinox.http.registry.internal.Activator.addingService(Activator.java:59)
2016-03-18 14:42:03,527 ERROR [Text Viewer Hover Presenter] - System.err - at org.osgi.util.tracker.ServiceTracker$Tracked.customizerAdding(ServiceTracker.java:941)
2016-03-18 14:42:03,527 ERROR [Text Viewer Hover Presenter] - System.err - at org.osgi.util.tracker.ServiceTracker$Tracked.customizerAdding(ServiceTracker.java:1)
2016-03-18 14:42:03,527 ERROR [Text Viewer Hover Presenter] - System.err - at org.osgi.util.tracker.AbstractTracked.trackAdding(AbstractTracked.java:256)
2016-03-18 14:42:03,527 ERROR [Text Viewer Hover Presenter] - System.err - at org.osgi.util.tracker.AbstractTracked.trackInitial(AbstractTracked.java:183)
2016-03-18 14:42:03,527 ERROR [Text Viewer Hover Presenter] - System.err - at org.osgi.util.tracker.ServiceTracker.open(ServiceTracker.java:318)
2016-03-18 14:42:03,527 ERROR [Text Viewer Hover Presenter] - System.err - at org.osgi.util.tracker.ServiceTracker.open(ServiceTracker.java:261)
2016-03-18 14:42:03,527 ERROR [Text Viewer Hover Presenter] - System.err - at org.eclipse.equinox.http.registry.internal.Activator.start(Activator.java:37)
2016-03-18 14:42:03,527 ERROR [Text Viewer Hover Presenter] - System.err - at org.eclipse.osgi.internal.framework.BundleContextImpl$3.run(BundleContextImpl.java:771)
2016-03-18 14:42:03,527 ERROR [Text Viewer Hover Presenter] - System.err - at org.eclipse.osgi.internal.framework.BundleContextImpl$3.run(BundleContextImpl.java:1)
2016-03-18 14:42:03,527 ERROR [Text Viewer Hover Presenter] - System.err - at java.security.AccessController.doPrivileged(Native Method)
2016-03-18 14:42:03,527 ERROR [Text Viewer Hover Presenter] - System.err - at org.eclipse.osgi.internal.framework.BundleContextImpl.startActivator(BundleContextImpl.java:764)
2016-03-18 14:42:03,527 ERROR [Text Viewer Hover Presenter] - System.err - at org.eclipse.osgi.internal.framework.BundleContextImpl.start(BundleContextImpl.java:721)
2016-03-18 14:42:03,527 ERROR [Text Viewer Hover Presenter] - System.err - at org.eclipse.osgi.internal.framework.EquinoxBundle.startWorker0(EquinoxBundle.java:936)
2016-03-18 14:42:03,527 ERROR [Text Viewer Hover Presenter] - System.err - at org.eclipse.osgi.internal.framework.EquinoxBundle$EquinoxModule.startWorker(EquinoxBundle.java:319)
2016-03-18 14:42:03,527 ERROR [Text Viewer Hover Presenter] - System.err - at org.eclipse.osgi.container.Module.doStart(Module.java:571)
2016-03-18 14:42:03,527 ERROR [Text Viewer Hover Presenter] - System.err - at org.eclipse.osgi.container.Module.start(Module.java:439)
2016-03-18 14:42:03,527 ERROR [Text Viewer Hover Presenter] - System.err - at org.eclipse.osgi.internal.framework.EquinoxBundle.start(EquinoxBundle.java:393)
2016-03-18 14:42:03,527 ERROR [Text Viewer Hover Presenter] - System.err - at org.eclipse.help.internal.server.JettyHelpServer.checkBundle(JettyHelpServer.java:125)
2016-03-18 14:42:03,527 ERROR [Text Viewer Hover Presenter] - System.err - at org.eclipse.help.internal.server.JettyHelpServer.start(JettyHelpServer.java:112)
2016-03-18 14:42:03,527 ERROR [Text Viewer Hover Presenter] - System.err - at org.eclipse.help.internal.server.WebappManager.start(WebappManager.java:38)
2016-03-18 14:42:03,527 ERROR [Text Viewer Hover Presenter] - System.err - at org.eclipse.help.internal.base.BaseHelpSystem.ensureWebappRunning(BaseHelpSystem.java:182)
2016-03-18 14:42:03,527 ERROR [Text Viewer Hover Presenter] - System.err - at org.eclipse.help.internal.base.BaseHelpSystem.resolve(BaseHelpSystem.java:198)
2016-03-18 14:42:03,527 ERROR [Text Viewer Hover Presenter] - System.err - at org.eclipse.help.ui.internal.DefaultHelpUI.resolve(DefaultHelpUI.java:361)
2016-03-18 14:42:03,527 ERROR [Text Viewer Hover Presenter] - System.err - at org.eclipse.ui.internal.help.WorkbenchHelpSystem.resolve(WorkbenchHelpSystem.java:938)
2016-03-18 14:42:03,527 ERROR [Text Viewer Hover Presenter] - System.err - at org.eclipse.jdt.internal.corext.javadoc.JavaDocLocations.getBaseURL(JavaDocLocations.java:634)
2016-03-18 14:42:03,527 ERROR [Text Viewer Hover Presenter] - System.err - at org.eclipse.jdt.internal.ui.text.java.hover.JavadocHover.getHoverInfo(JavadocHover.java:694)
2016-03-18 14:42:03,527 ERROR [Text Viewer Hover Presenter] - System.err - at org.eclipse.jdt.internal.ui.text.java.hover.JavadocHover.internalGetHoverInfo(JavadocHover.java:607)
2016-03-18 14:42:03,527 ERROR [Text Viewer Hover Presenter] - System.err - at org.eclipse.jdt.internal.ui.text.java.hover.JavadocHover.getHoverInfo2(JavadocHover.java:599)
2016-03-18 14:42:03,527 ERROR [Text Viewer Hover Presenter] - System.err - at org.eclipse.jdt.internal.ui.text.java.hover.BestMatchHover.getHoverInfo2(BestMatchHover.java:163)
2016-03-18 14:42:03,527 ERROR [Text Viewer Hover Presenter] - System.err - at org.eclipse.jdt.internal.ui.text.java.hover.BestMatchHover.getHoverInfo2(BestMatchHover.java:129)
2016-03-18 14:42:03,527 ERROR [Text Viewer Hover Presenter] - System.err - at org.eclipse.jdt.internal.ui.text.java.hover.JavaEditorTextHoverProxy.getHoverInfo2(JavaEditorTextHoverProxy.java:85)
2016-03-18 14:42:03,527 ERROR [Text Viewer Hover Presenter] - System.err - at org.eclipse.jface.text.TextViewerHoverManager$4.run(TextViewerHoverManager.java:166)
2016-03-18 14:42:03,527 ERROR [Text Viewer Hover Presenter] - System.err - Caused by: java.lang.InterruptedException
2016-03-18 14:42:03,527 ERROR [Text Viewer Hover Presenter] - System.err - at java.util.concurrent.locks.AbstractQueuedSynchronizer.acquireSharedInterruptibly(Unknown Source)
2016-03-18 14:42:03,527 ERROR [Text Viewer Hover Presenter] - System.err - at java.util.concurrent.Semaphore.acquire(Unknown Source)
2016-03-18 14:42:03,527 ERROR [Text Viewer Hover Presenter] - System.err - at org.eclipse.net4j.util.lifecycle.Lifecycle.lock(Lifecycle.java:306)
2016-03-18 14:42:03,527 ERROR [Text Viewer Hover Presenter] - System.err - at org.eclipse.net4j.util.lifecycle.Lifecycle.internalActivate(Lifecycle.java:65)
2016-03-18 14:42:03,527 ERROR [Text Viewer Hover Presenter] - System.err - ... 66 more
